---
lhcfl.github.io.data/source/_postssan-mtf-confuse.md:
  :message: '{"errors"=>["您执行此操作的次数过多。请等待 14 秒后再试。"], "error_type"=>"rate_limit",
    "extras"=>{"wait_seconds"=>14, "time_left"=>"14 秒"}}'
  :inspect: '["/var/lib/gems/3.0.0/gems/discourse_api-1.1.0/lib/discourse_api/client.rb:184:in
    `handle_error''", "/var/lib/gems/3.0.0/gems/discourse_api-1.1.0/lib/discourse_api/client.rb:167:in
    `request''", "/var/lib/gems/3.0.0/gems/discourse_api-1.1.0/lib/discourse_api/client.rb:111:in
    `put''", "/var/lib/gems/3.0.0/gems/discourse_api-1.1.0/lib/discourse_api/api/posts.rb:36:in
    `edit_post''", "cli.rb:174:in `block (3 levels) in <main>''", "cli.rb:153:in `each''",
    "cli.rb:153:in `block (2 levels) in <main>''", "cli.rb:147:in `each''", "cli.rb:147:in
    `block in <main>''", "cli.rb:128:in `each''", "cli.rb:128:in `<main>''"]'
  :details:
    title: 散记2022-08-25
    date: 2022-08-26 08:07:28.000000000 +08:00
    tags:
    - LGBT
    - 碎碎念
    copyright: 本文由作者完全保留著作权，禁止未经同意的转载
    author: 锦心（Lhc_fl）
    summary: 对MtF的一些思考
  :raw_str: |2-


    ```python
    # 散文，在limelight原创发布
    # 本文不采用CC-BY-SA，作者完全保留著作权。
    ```
    **「想要变得值得被爱」**
    不得不说，这是最糟糕的成为mtf的理由了，而且频率真的不低。抱着这样想法的人，大抵是自小对「女孩子的生活」有一种不切实际的幻想的吧。事实上我见过很多mtf，是为了在社群中被接纳、被爱、被包容而选择了成为mtf。所以我非常想对每一位mtf或者想要成为mtf的人说，请三四而后行。

    但是我并不反对你给自己打一个mtf的tag。或者说，我比较支持的是你可以随时认真决定自己是不是mtf。**因为这是你可以进行的深思的一部分。**
    至于所谓的「随时认真决定」是什么呢？我的想法是：**你可以随时做出这样的决定，但是做出了这样的决定后就轻易不要更改**。你可以给自己一个时间，在网络上去认真体会自己完全是另一个性别时，到底能给自己带来什么。某种意义上，这也就是不能RLE的情况下的一种「网络RLE」。

    **任何「劝退」的产生，都是基于一种跨性别是「有害的」这样的认知**。这里所说的「有害」，可以是精神上的，也可以是生理上的。由于可能造成无法逆转的影响和身体损伤，通常而言，对HRT的「劝退」还是比较有其存在的意义的，但是单纯当一个跨性别者，这是没必要劝退的，因为它完全没有「害处」。即使有，也总是和社会的压迫挂钩，即担心你成为家暴党、担心你被送进矫正学校，担心你受到社会的偏见这样的。如果只是在网络上宣称自己是mtf，或者单纯用一个小号自称是女性，有什么坏处呢？

    一旦自我意识开始觉醒，你总是要经历探索自己的步骤的。「人非生而知之者，孰能无惑？」惑而不思，其终为惑矣。为了解决笼罩在自己头上的疑惑，你通常只有两个办法：经过无数分析自己用理论描述出自己，和试错。

    如果你能保证自己能够精准描述出自己，那我没有什么可以额外说的，并对你感到钦佩。这里只说试错。

    试错是（尤其在古代）解决自己的问题的最好方法。我们经常听到故事说，苏洵年二十七突然发奋，「愤然将这批旧稿，一把火烧个干净」什么的。甚至还有离谱的，姜太公70岁了还什么都干不好，突然间就被周王赏识。整体而言，这也是人类最正确的探索方法。
    但是现代社会有一个很明显的问题：**试错代价变高**。
    忘了这是在哪里看到的观点，好像就是在ll吧。甚至数十年前，中国还是遍地黄金的，只要你肯干，很容易获得一个稳定的生存条件。但现在，越来越高的试错成本和越来越高的期望值不再容许你犯错。这甚至与性别无关。一个典型的例子，你18岁前的一生都只为了高考而奋斗，前面错一步就会掉出这个台阶。整个社会拼命地让你满足社会期望的约束，不允许有任何个性的声音，并美其名曰为了你好。在现代，你几乎不可能让自己30岁了还没决定好职业，更别提70岁了还想获得提拔。人人都说，你少考一分就会在不同的档次。
    为了适应这种变化，一个好的方式是互联网试错。当然，这不代表你拥有一个肆意妄为的沙盒，你永远不知道你说的话会不会10年后被翻出来上纲上线。但是相比现实生活，互联网试错代表着没有巨大的、笼罩式的影响，你至少基本不用担心你在互联网上扮演一只猴子会有人真的跑来把你送进马戏团。

    讲这么一些，目的在于告诉大家，如果你对自己的mtf倾向有所怀疑，不妨把自己全身心代入进去试一试（并不是说随意HRT）。
    笔者在这方面是一个比较谨慎的人，在首次察觉mtf倾向的时候，依照DSM-5标准开始计时，并且直到6个月后才开始以mtf自居。HRT方面更是在等待两年之久后才进行。
    因此，在这段比较长的时间中我得以给自己提出了许许多多的问题：
    - 你为什么觉得自己是女生？
    - “女生”与“男生”有什么不同吗？
    - 你是否对每项事情所导致的收益和代价有了清晰的认识？
    - 你如何保障自己在进一步的实验中不会后悔？
    - ……


    犹记当年开始认为自己有mtf倾向的时候。一个和我关系颇好的女装子质问我，你为什么要成为女生？是想要被别人关爱吗？

    我当时哑口无言。我当时没有足够清晰的想过这个问题。
    所以我花了很长时间思考这些，建构、解构。
    现在我可以回答他了：因为我想要这样做。这样做令我感到舒适。
    感到舒适并不需要很多的理由。你可以喜欢西红柿，你也可以不喜欢西红柿。这单纯地取决于你是否认为好吃，你认为好吃是不需要理由的。

    当然这不是一个很好的答案，但是是我可以直接给出的答案。你可以深层次的去思考我凭什么觉得好吃，但是我拒绝：好吃不需要理由。而且哪天觉得不好吃了，不吃就可以，这并不妨碍我过去觉得它好吃，并且喜欢天天吃。


    回到原题。我希望的是，任何人choose自己是什么人，甚至决定把tag贴到自己身上的时候的，最好思考一下你为什么想要这个tag。如果你无法思考出这个的答案，也并不意味着需要呆着不动，可以勇敢的把自己模拟成那个样子，再真实地去感受——当然这一切建立在你不会真的损伤身体的情况下。不过事实上，如果你做了足够的利益分析，并且觉得身体损伤是可接受的，即使是所谓尝试性HRT也是可以的。

    唯独不应该的是，因为对一个群体的不切实际的幻想而来，然后把自己永远沉醉在美好的幻想里，埋怨自己做不到这些。所有人都不是天生拥有光。

    最初发布于: [date=2022-08-26 08:07:28 +0800 ]

    作者: 锦心（Lhc_fl）
lhcfl.github.io.data/source/_postssummer-holidays.md:
  :message: '{"errors"=>["您执行此操作的次数过多。请等待 几秒后再试。"], "error_type"=>"rate_limit", "extras"=>{"wait_seconds"=>3,
    "time_left"=>"几秒"}}'
  :inspect: '["/var/lib/gems/3.0.0/gems/discourse_api-1.1.0/lib/discourse_api/client.rb:184:in
    `handle_error''", "/var/lib/gems/3.0.0/gems/discourse_api-1.1.0/lib/discourse_api/client.rb:167:in
    `request''", "/var/lib/gems/3.0.0/gems/discourse_api-1.1.0/lib/discourse_api/client.rb:111:in
    `put''", "/var/lib/gems/3.0.0/gems/discourse_api-1.1.0/lib/discourse_api/api/posts.rb:36:in
    `edit_post''", "cli.rb:174:in `block (3 levels) in <main>''", "cli.rb:153:in `each''",
    "cli.rb:153:in `block (2 levels) in <main>''", "cli.rb:147:in `each''", "cli.rb:147:in
    `block in <main>''", "cli.rb:128:in `each''", "cli.rb:128:in `<main>''"]'
  :details:
    title: 暑假
    date: 2019-07-21 19:50:41.000000000 +08:00
    tags:
    - 无聊
    thumbnail: https://gitee.com/lhcfl/photobed/raw/master/ACG/57.jpg
  :raw_str: |2-


    暑假来了，心情也正常了。

    ~~整个人都变死宅了~~


    最初发布于: [date=2019-07-21 19:50:41 +0800 ]
